###############################################################################
#                                                                             #
# IAR C/C++ Compiler V8.20.2.41139 for 8051             27/May/2014  19:13:53 #
# Copyright 2004-2013 IAR Systems AB.                                         #
#                                                                             #
#    Core               =  plain                                              #
#    Code model         =  banked                                             #
#    Data model         =  large                                              #
#    Calling convention =  xdata reentrant                                    #
#    Constant location  =  data_rom                                           #
#    Dptr setup         =  1,16                                               #
#                                                                             #
#    Source file        =  D:\Texas Instruments\Z-Stack Lighting              #
#                          1.0.2\Projects\zstack\ZMain\TI2530DB\OnBoard.c     #
#    Command line       =  -f "D:\Texas Instruments\Z-Stack Lighting          #
#                          1.0.2\Projects\zstack\ZLL\SampleApp\CC253x\..\..\. #
#                          .\Tools\CC2530DB\f8wRouter.cfg" (-DCPU32MHZ        #
#                          -DROOT=__near_func -DMAC_CFG_APP_PENDING_QUEUE=TRU #
#                          E -DMAC_CFG_TX_DATA_MAX=5 -DMAC_CFG_TX_MAX=8       #
#                          -DMAC_CFG_RX_MAX=5 -DRTR_NWK) -f "D:\Texas         #
#                          Instruments\Z-Stack Lighting                       #
#                          1.0.2\Projects\zstack\ZLL\SampleApp\CC253x\..\..\. #
#                          .\Tools\CC2530DB\f8wConfig.cfg" (-DZIGBEEPRO       #
#                          -DSECURE=1 -DZG_SECURE_DYNAMIC=0 -DREFLECTOR       #
#                          -DDEFAULT_CHANLIST=0x00000800                      #
#                          -DZDAPP_CONFIG_PAN_ID=0xFFFF                       #
#                          -DNWK_START_DELAY=100 -DEXTENDED_JOINING_RANDOM_MA #
#                          SK=0x007F -DBEACON_REQUEST_DELAY=100               #
#                          -DBEACON_REQ_DELAY_MASK=0x00FF                     #
#                          -DLINK_STATUS_JITTER_MASK=0x007F                   #
#                          -DROUTE_EXPIRY_TIME=30 -DAPSC_ACK_WAIT_DURATION_PO #
#                          LLED=3000 -DNWK_INDIRECT_MSG_TIMEOUT=7             #
#                          -DMAX_RREQ_ENTRIES=8 -DAPSC_MAX_FRAME_RETRIES=3    #
#                          -DNWK_MAX_DATA_RETRIES=2                           #
#                          -DMAX_POLL_FAILURE_RETRIES=2 -DMAX_BCAST=9         #
#                          -DAPS_MAX_GROUPS=16 -DMAX_RTG_ENTRIES=40           #
#                          -DNWK_MAX_BINDING_ENTRIES=4                        #
#                          -DMAX_BINDING_CLUSTER_IDS=4 "-DDEFAULT_KEY={0x01,  #
#                          0x03, 0x05, 0x07, 0x09, 0x0B, 0x0D, 0x0F, 0x00,    #
#                          0x02, 0x04, 0x06, 0x08, 0x0A, 0x0C, 0x0D}"         #
#                          -DMAC_MAX_FRAME_SIZE=116                           #
#                          -DZDNWKMGR_MIN_TRANSMISSIONS=20 "-DCONST=const     #
#                          __code" -DGENERIC=__generic                        #
#                          -DRFD_RCVC_ALWAYS_ON=FALSE -DPOLL_RATE=1000        #
#                          -DQUEUED_POLL_RATE=100 -DRESPONSE_POLL_RATE=100    #
#                          -DREJOIN_POLL_RATE=440) -f "D:\Texas               #
#                          Instruments\Z-Stack Lighting                       #
#                          1.0.2\Projects\zstack\ZLL\SampleApp\CC253x\..\..\. #
#                          .\Tools\CC2530DB\f8wZCL.cfg" "D:\Texas             #
#                          Instruments\Z-Stack Lighting                       #
#                          1.0.2\Projects\zstack\ZMain\TI2530DB\OnBoard.c"    #
#                          -D FEATURE_GREEN_POWER -D SECURE=1 -D              #
#                          TC_LINKKEY_JOIN -D ZDSECMGR_TC_DEVICE_MAX=2 -D     #
#                          NV_RESTORE -D HOLD_AUTO_START -D INTER_PAN -D      #
#                          LCD_SUPPORTED=DEBUG -D ZCL_BASIC -D ZCL_READ -D    #
#                          ZCL_WRITE -D ZCL_IDENTIFY -D ZCL_ON_OFF -D         #
#                          ZCL_SCENES -D ZCL_GROUPS -D                        #
#                          ZCL_LIGHT_LINK_ENHANCE -D ZCL_LEVEL_CTRL -D        #
#                          ZCL_COLOR_CTRL -D MAX_CHANNELS_24GHZ=0x02108800    #
#                          -D xPWM_ALT2 -D xTHERMAL_SHUTDOWN -D               #
#                          ZLL_1_0_HUB_COMPATIBILITY -D DALI_LIGHT -lC        #
#                          "D:\Texas Instruments\Z-Stack Lighting             #
#                          1.0.2\Projects\zstack\ZLL\SampleApp\CC253x\Zlight  #
#                          - Router\List\" -lA "D:\Texas Instruments\Z-Stack  #
#                          Lighting 1.0.2\Projects\zstack\ZLL\SampleApp\CC253 #
#                          x\Zlight - Router\List\" --diag_suppress           #
#                          Pe001,Pa010 -o "D:\Texas Instruments\Z-Stack       #
#                          Lighting 1.0.2\Projects\zstack\ZLL\SampleApp\CC253 #
#                          x\Zlight - Router\Obj\" -e --debug --core=plain    #
#                          --dptr=16,1 --data_model=large                     #
#                          --code_model=banked --calling_convention=xdata_ree #
#                          ntrant --place_constants=data_rom                  #
#                          --nr_virtual_regs 16 -I "D:\Texas                  #
#                          Instruments\Z-Stack Lighting                       #
#                          1.0.2\Projects\zstack\ZLL\SampleApp\CC253x\" -I    #
#                          "D:\Texas Instruments\Z-Stack Lighting             #
#                          1.0.2\Projects\zstack\ZLL\SampleApp\CC253x\..\Sour #
#                          ce\" -I "D:\Texas Instruments\Z-Stack Lighting     #
#                          1.0.2\Projects\zstack\ZLL\SampleApp\CC253x\..\..\S #
#                          ource\" -I "D:\Texas Instruments\Z-Stack Lighting  #
#                          1.0.2\Projects\zstack\ZLL\SampleApp\CC253x\..\..\. #
#                          .\HomeAutomation\Source\" -I "D:\Texas             #
#                          Instruments\Z-Stack Lighting                       #
#                          1.0.2\Projects\zstack\ZLL\SampleApp\CC253x\..\..\. #
#                          .\HomeAutomation\SampleLight\Source\" -I           #
#                          "D:\Texas Instruments\Z-Stack Lighting             #
#                          1.0.2\Projects\zstack\ZLL\SampleApp\CC253x\..\..\. #
#                          .\ZMain\TI2530DB\" -I "D:\Texas                    #
#                          Instruments\Z-Stack Lighting                       #
#                          1.0.2\Projects\zstack\ZLL\SampleApp\CC253x\..\..\. #
#                          .\..\..\Components\hal\include\" -I "D:\Texas      #
#                          Instruments\Z-Stack Lighting                       #
#                          1.0.2\Projects\zstack\ZLL\SampleApp\CC253x\..\..\. #
#                          .\..\..\Components\hal\target\CC2530PMP4712\" -I   #
#                          "D:\Texas Instruments\Z-Stack Lighting             #
#                          1.0.2\Projects\zstack\ZLL\SampleApp\CC253x\..\..\. #
#                          .\..\..\Components\mac\include\" -I "D:\Texas      #
#                          Instruments\Z-Stack Lighting                       #
#                          1.0.2\Projects\zstack\ZLL\SampleApp\CC253x\..\..\. #
#                          .\..\..\Components\mac\high_level\" -I "D:\Texas   #
#                          Instruments\Z-Stack Lighting                       #
#                          1.0.2\Projects\zstack\ZLL\SampleApp\CC253x\..\..\. #
#                          .\..\..\Components\mac\low_level\srf04\" -I        #
#                          "D:\Texas Instruments\Z-Stack Lighting             #
#                          1.0.2\Projects\zstack\ZLL\SampleApp\CC253x\..\..\. #
#                          .\..\..\Components\mac\low_level\srf04\single_chip #
#                          \" -I "D:\Texas Instruments\Z-Stack Lighting       #
#                          1.0.2\Projects\zstack\ZLL\SampleApp\CC253x\..\..\. #
#                          .\..\..\Components\mt\" -I "D:\Texas               #
#                          Instruments\Z-Stack Lighting                       #
#                          1.0.2\Projects\zstack\ZLL\SampleApp\CC253x\..\..\. #
#                          .\..\..\Components\osal\include\" -I "D:\Texas     #
#                          Instruments\Z-Stack Lighting                       #
#                          1.0.2\Projects\zstack\ZLL\SampleApp\CC253x\..\..\. #
#                          .\..\..\Components\services\saddr\" -I "D:\Texas   #
#                          Instruments\Z-Stack Lighting                       #
#                          1.0.2\Projects\zstack\ZLL\SampleApp\CC253x\..\..\. #
#                          .\..\..\Components\services\sdata\" -I "D:\Texas   #
#                          Instruments\Z-Stack Lighting                       #
#                          1.0.2\Projects\zstack\ZLL\SampleApp\CC253x\..\..\. #
#                          .\..\..\Components\stack\af\" -I "D:\Texas         #
#                          Instruments\Z-Stack Lighting                       #
#                          1.0.2\Projects\zstack\ZLL\SampleApp\CC253x\..\..\. #
#                          .\..\..\Components\stack\nwk\" -I "D:\Texas        #
#                          Instruments\Z-Stack Lighting                       #
#                          1.0.2\Projects\zstack\ZLL\SampleApp\CC253x\..\..\. #
#                          .\..\..\Components\stack\sapi\" -I "D:\Texas       #
#                          Instruments\Z-Stack Lighting                       #
#                          1.0.2\Projects\zstack\ZLL\SampleApp\CC253x\..\..\. #
#                          .\..\..\Components\stack\sec\" -I "D:\Texas        #
#                          Instruments\Z-Stack Lighting                       #
#                          1.0.2\Projects\zstack\ZLL\SampleApp\CC253x\..\..\. #
#                          .\..\..\Components\stack\sys\" -I "D:\Texas        #
#                          Instruments\Z-Stack Lighting                       #
#                          1.0.2\Projects\zstack\ZLL\SampleApp\CC253x\..\..\. #
#                          .\..\..\Components\stack\zcl\" -I "D:\Texas        #
#                          Instruments\Z-Stack Lighting                       #
#                          1.0.2\Projects\zstack\ZLL\SampleApp\CC253x\..\..\. #
#                          .\..\..\Components\stack\zdo\" -I "D:\Texas        #
#                          Instruments\Z-Stack Lighting                       #
#                          1.0.2\Projects\zstack\ZLL\SampleApp\CC253x\..\..\. #
#                          .\..\..\Components\zmac\" -I "D:\Texas             #
#                          Instruments\Z-Stack Lighting                       #
#                          1.0.2\Projects\zstack\ZLL\SampleApp\CC253x\..\..\. #
#                          .\..\..\Components\zmac\f8w\" -Ohz                 #
#                          --require_prototypes                               #
#    List file          =  D:\Texas Instruments\Z-Stack Lighting              #
#                          1.0.2\Projects\zstack\ZLL\SampleApp\CC253x\Zlight  #
#                          - Router\List\OnBoard.lst                          #
#    Object file        =  D:\Texas Instruments\Z-Stack Lighting              #
#                          1.0.2\Projects\zstack\ZLL\SampleApp\CC253x\Zlight  #
#                          - Router\Obj\OnBoard.r51                           #
#                                                                             #
#                                                                             #
###############################################################################

D:\Texas Instruments\Z-Stack Lighting 1.0.2\Projects\zstack\ZMain\TI2530DB\OnBoard.c
      1          /**************************************************************************************************
      2            Filename:       OnBoard.c
      3            Revised:        $Date: 2012-11-15 11:48:16 -0800 (Thu, 15 Nov 2012) $
      4            Revision:       $Revision: 32196 $
      5          
      6            Description:    This file contains the UI and control for the
      7                            peripherals on the EVAL development board
      8            Notes:          This file targets the Chipcon CC2530/31
      9          
     10          
     11            Copyright 2005-2011 Texas Instruments Incorporated. All rights reserved.
     12          
     13            IMPORTANT: Your use of this Software is limited to those specific rights
     14            granted under the terms of a software license agreement between the user
     15            who downloaded the software, his/her employer (which must be your employer)
     16            and Texas Instruments Incorporated (the "License").  You may not use this
     17            Software unless you agree to abide by the terms of the License. The License
     18            limits your use, and you acknowledge, that the Software may not be modified,
     19            copied or distributed unless embedded on a Texas Instruments microcontroller
     20            or used solely and exclusively in conjunction with a Texas Instruments radio
     21            frequency transceiver, which is integrated into your product.  Other than for
     22            the foregoing purpose, you may not use, reproduce, copy, prepare derivative
     23            works of, modify, distribute, perform, display or sell this Software and/or
     24            its documentation for any purpose.
     25          
     26            YOU FURTHER ACKNOWLEDGE AND AGREE THAT THE SOFTWARE AND DOCUMENTATION ARE
     27            PROVIDED “AS IS” WITHOUT WARRANTY OF ANY KIND, EITHER EXPRESS OR IMPLIED,
     28            INCLUDING WITHOUT LIMITATION, ANY WARRANTY OF MERCHANTABILITY, TITLE,
     29            NON-INFRINGEMENT AND FITNESS FOR A PARTICULAR PURPOSE. IN NO EVENT SHALL
     30            TEXAS INSTRUMENTS OR ITS LICENSORS BE LIABLE OR OBLIGATED UNDER CONTRACT,
     31            NEGLIGENCE, STRICT LIABILITY, CONTRIBUTION, BREACH OF WARRANTY, OR OTHER
     32            LEGAL EQUITABLE THEORY ANY DIRECT OR INDIRECT DAMAGES OR EXPENSES
     33            INCLUDING BUT NOT LIMITED TO ANY INCIDENTAL, SPECIAL, INDIRECT, PUNITIVE
     34            OR CONSEQUENTIAL DAMAGES, LOST PROFITS OR LOST DATA, COST OF PROCUREMENT
     35            OF SUBSTITUTE GOODS, TECHNOLOGY, SERVICES, OR ANY CLAIMS BY THIRD PARTIES
     36            (INCLUDING BUT NOT LIMITED TO ANY DEFENSE THEREOF), OR OTHER SIMILAR COSTS.
     37          
     38            Should you have any questions regarding your right to use this Software,
     39            contact Texas Instruments Incorporated at www.TI.com.
     40          **************************************************************************************************/
     41          
     42          /*********************************************************************
     43           * INCLUDES
     44           */
     45          
     46          #include "ZComDef.h"
     47          #include "ZGlobals.h"
     48          #include "OnBoard.h"

   \                                 In  segment SFR_AN, at 0x9d
   \   unsigned char volatile __sfr SLEEPSTA
   \                     SLEEPSTA:
   \   000000                DS 1

   \                                 In  segment SFR_AN, at 0xa8
   \   union <unnamed> volatile __sfr _A_IEN0
   \                     _A_IEN0:
   \   000000                DS 1

   \                                 In  segment SFR_AN, at 0xd6
   \   unsigned char volatile __sfr DMAARM
   \                     DMAARM:
   \   000000                DS 1
     49          #include "OSAL.h"
     50          #include "MT.h"
     51          #include "MT_SYS.h"
     52          #include "DebugTrace.h"
     53          
     54          /* Hal */
     55          //#include "hal_lcd.h"
     56          #include "hal_oled.h"
     57          #include "hal_mcu.h"
     58          #include "hal_timer.h"
     59          #include "hal_key.h"
     60          #include "hal_led.h"
     61          
     62          /* Allow access macRandomByte() */
     63          #include "mac_radio_defs.h"
     64          
     65          /*********************************************************************
     66           * CONSTANTS
     67           */
     68          
     69          // Task ID not initialized
     70          #define NO_TASK_ID 0xFF
     71          
     72          // Minimum length RAM "pattern" for Stack check
     73          #define MIN_RAM_INIT 12
     74          
     75          /*********************************************************************
     76           * GLOBAL VARIABLES
     77           */
     78          
     79          #if defined MAKE_CRC_SHDW
     80          #pragma location="CRC_SHDW"
     81          const CODE uint16 _crcShdw = 0xFFFF;
     82          #pragma required=_crcShdw
     83          
     84          #elif !defined MT_UBL_FUNC
     85          
     86          #pragma location="LOCK_BITS_ADDRESS_SPACE"

   \                                 In  segment LOCK_BITS_ADDRESS_SPACE, align 1
     87          __no_init uint8 _lockBits[16];
   \                     _lockBits:
   \   000000                DS 16
     88          #pragma required=_lockBits
     89          
     90          #if defined ZCL_KEY_ESTABLISH
     91          #include "zcl_cert_data.c"
     92          #else
     93          #pragma location="IEEE_ADDRESS_SPACE"

   \                                 In  segment IEEE_ADDRESS_SPACE, align 1
     94          __no_init uint8 _nvIEEE[Z_EXTADDR_LEN];
   \                     _nvIEEE:
   \   000000                DS 8
   \   000008                REQUIRE _lockBits
     95          #pragma required=_nvIEEE
     96          #endif
     97          
     98          #pragma location="RESERVED_ADDRESS_SPACE"

   \                                 In  segment RESERVED_ADDRESS_SPACE, align 1
     99          __no_init uint8 _reserved[1932];
   \                     _reserved:
   \   000000                DS 1932
   \   00078C                REQUIRE _nvIEEE
    100          #pragma required=_reserved
    101          #endif
    102          
    103          // 64-bit Extended Address of this device

   \                                 In  segment XDATA_Z, align 1, keep-with-next
    104          uint8 aExtendedAddress[8];
   \                     aExtendedAddress:
   \   000000                DS 8
   \   000008                REQUIRE __INIT_XDATA_Z
   \   000008                REQUIRE _reserved
    105          
    106          /*********************************************************************
    107           * LOCAL VARIABLES
    108           */
    109          
    110          // Registered keys task ID, initialized to NOT USED.

   \                                 In  segment XDATA_I, align 1, keep-with-next
    111          static uint8 registeredKeysTaskID = NO_TASK_ID;
   \                     registeredKeysTaskID:
   \   000000                DS 1
   \   000001                REQUIRE `?<Initializer for registeredKeysTaskID>`
   \   000001                REQUIRE __INIT_XDATA_I
    112          
    113          /*********************************************************************
    114           * LOCAL FUNCTIONS
    115           */
    116          
    117          static void ChkReset( void );
    118          
    119          /*********************************************************************
    120           * @fn      InitBoard()
    121           * @brief   Initialize the CC2420DB Board Peripherals
    122           * @param   level: COLD,WARM,READY
    123           * @return  None
    124           */

   \                                 In  segment BANKED_CODE, align 1, keep-with-next
    125          void InitBoard( uint8 level )
   \                     InitBoard:
    126          {
   \   000000   74F7         MOV     A,#-0x9
   \   000002   12....       LCALL   ?BANKED_ENTER_XDATA
   \   000005                ; Saved register size: 9
   \   000005                ; Auto size: 0
   \   000005   E9           MOV     A,R1
    127            if ( level == OB_COLD )
   \   000006   7020         JNZ     ??InitBoard_0
    128            {
    129              // IAR does not zero-out this byte below the XSTACK.
    130              *(uint8 *)0x0 = 0;
   \   000008   900000       MOV     DPTR,#0x0
   \   00000B   E4           CLR     A
   \   00000C   F0           MOVX    @DPTR,A
    131              // Interrupts off
    132              osal_int_disable( INTS_ALL );
   \   00000D                ; Setup parameters for call to function osal_int_disable
   \   00000D   79FF         MOV     R1,#-0x1
   \   00000F   12....       LCALL   ??osal_int_disable?relay
    133              // Check for Brown-Out reset
    134              ChkReset();
   \   000012   E59D         MOV     A,0x9d
   \   000014   5418         ANL     A,#0x18
   \   000016   F8           MOV     R0,A
   \   000017   6018         JZ      ??InitBoard_1
   \   000019   7408         MOV     A,#0x8
   \   00001B   68           XRL     A,R0
   \   00001C   6013         JZ      ??InitBoard_1
   \   00001E   7410         MOV     A,#0x10
   \   000020   68           XRL     A,R0
   \   000021   600E         JZ      ??InitBoard_1
   \   000023                ; Setup parameters for call to function halAssertHandler
   \   000023   12....       LCALL   ??halAssertHandler?relay
   \   000026   8009         SJMP    ??InitBoard_1
    135            }
    136            else  // !OB_COLD
    137            {
    138              /* Initialize Key stuff */
    139              #if defined (ISR_KEYINTERRUPT)
    140              HalKeyConfig(HAL_KEY_INTERRUPT_ENABLE , OnBoard_KeyCallback);
    141              #else
    142              HalKeyConfig(HAL_KEY_INTERRUPT_DISABLE, OnBoard_KeyCallback);
   \                     ??InitBoard_0:
   \   000028                ; Setup parameters for call to function HalKeyConfig
   \   000028   7A..         MOV     R2,#??OnBoard_KeyCallback?relay & 0xff
   \   00002A   7B..         MOV     R3,#(??OnBoard_KeyCallback?relay >> 8) & 0xff
   \   00002C   7900         MOV     R1,#0x0
   \   00002E   12....       LCALL   ??HalKeyConfig?relay
    143              #endif
    144            }
    145          }
   \                     ??InitBoard_1:
   \   000031                REQUIRE ?Subroutine0
   \   000031                REQUIRE SLEEPSTA
   \   000031                ; // Fall through to label ?Subroutine0

   \                                 In  segment BANKED_CODE, align 1, keep-with-next
   \                     ?Subroutine0:
   \   000000   7F01         MOV     R7,#0x1
   \   000002   02....       LJMP    ?BANKED_LEAVE_XDATA
    146          
    147          /*********************************************************************
    148           * @fn      ChkReset()
    149           * @brief   Check reset bits - if reset cause is unknown, assume a
    150           *          brown-out (low power), assume batteries are not reliable,
    151           *          hang in a loop and sequence through the LEDs.
    152           * @param   None
    153           * @return  None
    154           *********************************************************************/
    155          void ChkReset( void )
    156          {
    157            uint8 rib;
    158          
    159            // Isolate reset indicator bits
    160            rib = SLEEPSTA & LRESET;
    161          
    162            if ( rib == RESETPO )
    163            {
    164              // Put code here to handle Power-On reset
    165            }
    166            else if ( rib == RESETEX )
    167            {
    168              // Put code here to handle External reset
    169            }
    170            else if ( rib == RESETWD )
    171            {
    172              // Put code here to handle WatchDog reset
    173            }
    174            else  // Unknown reason - not expected.
    175            {
    176              HAL_ASSERT(0);
    177            }
    178          }
    179          
    180          /*********************************************************************
    181           *                        "Keyboard" Support
    182           *********************************************************************/
    183          
    184          /*********************************************************************
    185           * Keyboard Register function
    186           *
    187           * The keyboard handler is setup to send all keyboard changes to
    188           * one task (if a task is registered).
    189           *
    190           * If a task registers, it will get all the keys. You can change this
    191           * to register for individual keys.
    192           *********************************************************************/

   \                                 In  segment BANKED_CODE, align 1, keep-with-next
    193          uint8 RegisterForKeys( uint8 task_id )
   \                     RegisterForKeys:
    194          {
   \   000000   C082         PUSH    DPL
   \   000002   C083         PUSH    DPH
   \   000004                ; Saved register size: 2
   \   000004                ; Auto size: 0
   \   000004   E9           MOV     A,R1
   \   000005   F8           MOV     R0,A
    195            // Allow only the first task
    196            if ( registeredKeysTaskID == NO_TASK_ID )
   \   000006   90....       MOV     DPTR,#registeredKeysTaskID
   \   000009   E0           MOVX    A,@DPTR
   \   00000A   F4           CPL     A
   \   00000B   7006         JNZ     ??RegisterForKeys_0
    197            {
    198              registeredKeysTaskID = task_id;
   \   00000D   E8           MOV     A,R0
   \   00000E   F0           MOVX    @DPTR,A
    199              return ( true );
   \   00000F   7901         MOV     R1,#0x1
   \   000011   8002         SJMP    ??RegisterForKeys_1
    200            }
    201            else
    202              return ( false );
   \                     ??RegisterForKeys_0:
   \   000013   7900         MOV     R1,#0x0
   \                     ??RegisterForKeys_1:
   \   000015                REQUIRE ?Subroutine1
   \   000015                ; // Fall through to label ?Subroutine1
    203          }

   \                                 In  segment BANKED_CODE, align 1, keep-with-next
   \                     ?Subroutine1:
   \   000000   D083         POP     DPH
   \   000002   D082         POP     DPL
   \   000004   02....       LJMP    ?BRET
    204          
    205          /*********************************************************************
    206           * @fn      OnBoard_SendKeys
    207           *
    208           * @brief   Send "Key Pressed" message to application.
    209           *
    210           * @param   keys  - keys that were pressed
    211           *          state - shifted
    212           *
    213           * @return  status
    214           *********************************************************************/

   \                                 In  segment BANKED_CODE, align 1, keep-with-next
    215          uint8 OnBoard_SendKeys( uint8 keys, uint8 state )
   \                     OnBoard_SendKeys:
    216          {
   \   000000   74F6         MOV     A,#-0xa
   \   000002   12....       LCALL   ?BANKED_ENTER_XDATA
   \   000005                ; Saved register size: 10
   \   000005                ; Auto size: 0
   \   000005   E9           MOV     A,R1
   \   000006   FE           MOV     R6,A
   \   000007   EA           MOV     A,R2
   \   000008   FF           MOV     R7,A
    217            keyChange_t *msgPtr;
    218          
    219            if ( registeredKeysTaskID != NO_TASK_ID )
   \   000009   90....       MOV     DPTR,#registeredKeysTaskID
   \   00000C   E0           MOVX    A,@DPTR
   \   00000D   F4           CPL     A
   \   00000E   602B         JZ      ??OnBoard_SendKeys_0
    220            {
    221              // Send the address to the task
    222              msgPtr = (keyChange_t *)osal_msg_allocate( sizeof(keyChange_t) );
   \   000010                ; Setup parameters for call to function osal_msg_allocate
   \   000010   7A04         MOV     R2,#0x4
   \   000012   7B00         MOV     R3,#0x0
   \   000014   12....       LCALL   ??osal_msg_allocate?relay
    223              if ( msgPtr )
   \   000017   EA           MOV     A,R2
   \   000018   4B           ORL     A,R3
   \   000019   601C         JZ      ??OnBoard_SendKeys_1
    224              {
    225                msgPtr->hdr.event = KEY_CHANGE;
   \   00001B   8A82         MOV     DPL,R2
   \   00001D   8B83         MOV     DPH,R3
   \   00001F   74C0         MOV     A,#-0x40
   \   000021   F0           MOVX    @DPTR,A
    226                msgPtr->state = state;
   \   000022   EF           MOV     A,R7
   \   000023   A3           INC     DPTR
   \   000024   A3           INC     DPTR
   \   000025   F0           MOVX    @DPTR,A
    227                msgPtr->keys = keys;
   \   000026   EE           MOV     A,R6
   \   000027   8A82         MOV     DPL,R2
   \   000029   8B83         MOV     DPH,R3
   \   00002B   A3           INC     DPTR
   \   00002C   A3           INC     DPTR
   \   00002D   A3           INC     DPTR
   \   00002E   F0           MOVX    @DPTR,A
    228          
    229                osal_msg_send( registeredKeysTaskID, (uint8 *)msgPtr );
   \   00002F                ; Setup parameters for call to function osal_msg_send
   \   00002F   90....       MOV     DPTR,#registeredKeysTaskID
   \   000032   E0           MOVX    A,@DPTR
   \   000033   F9           MOV     R1,A
   \   000034   12....       LCALL   ??osal_msg_send?relay
    230              }
    231              return ( ZSuccess );
   \                     ??OnBoard_SendKeys_1:
   \   000037   7900         MOV     R1,#0x0
   \   000039   8002         SJMP    ??OnBoard_SendKeys_2
    232            }
    233            else
    234              return ( ZFailure );
   \                     ??OnBoard_SendKeys_0:
   \   00003B   7901         MOV     R1,#0x1
   \                     ??OnBoard_SendKeys_2:
   \   00003D   7F02         MOV     R7,#0x2
   \   00003F   02....       LJMP    ?BANKED_LEAVE_XDATA
    235          }
    236          
    237          /*********************************************************************
    238           * @fn      OnBoard_KeyCallback
    239           *
    240           * @brief   Callback service for keys
    241           *
    242           * @param   keys  - keys that were pressed
    243           *          state - shifted
    244           *
    245           * @return  void
    246           *********************************************************************/

   \                                 In  segment BANKED_CODE, align 1, keep-with-next
    247          void OnBoard_KeyCallback ( uint8 keys, uint8 state )
   \                     OnBoard_KeyCallback:
    248          {
   \   000000   74F7         MOV     A,#-0x9
   \   000002   12....       LCALL   ?BANKED_ENTER_XDATA
   \   000005                ; Saved register size: 9
   \   000005                ; Auto size: 0
   \   000005   E9           MOV     A,R1
    249            uint8 shift;
    250            (void)state;
    251          
    252            shift = (keys & HAL_KEY_SW_6) ? true : false;
    253          
    254            if ( OnBoard_SendKeys( keys, shift ) != ZSuccess )
   \   000006                ; Setup parameters for call to function OnBoard_SendKeys
   \   000006   A2E5         MOV     C,0xE0 /* A   */.5
   \   000008   E4           CLR     A
   \   000009   33           RLC     A
   \   00000A   FA           MOV     R2,A
   \   00000B   12....       LCALL   ??OnBoard_SendKeys?relay
    255            {
    256              // Process SW1 here
    257              if ( keys & HAL_KEY_SW_1 )  // Switch 1
    258              {
    259              }
    260              // Process SW2 here
    261              if ( keys & HAL_KEY_SW_2 )  // Switch 2
    262              {
    263              }
    264              // Process SW3 here
    265              if ( keys & HAL_KEY_SW_3 )  // Switch 3
    266              {
    267              }
    268              // Process SW4 here
    269              if ( keys & HAL_KEY_SW_4 )  // Switch 4
    270              {
    271              }
    272              // Process SW5 here
    273              if ( keys & HAL_KEY_SW_5 )  // Switch 5
    274              {
    275              }
    276              // Process SW6 here
    277              if ( keys & HAL_KEY_SW_6 )  // Switch 6
    278              {
    279              }
    280            }
    281          }
   \   00000E   80..         SJMP    ?Subroutine0
    282          
    283          /*********************************************************************
    284           * @fn      OnBoard_stack_used
    285           *
    286           * @brief   Runs through the stack looking for touched memory.
    287           *
    288           * @param   none
    289           *
    290           * @return  Maximum number of bytes used by the stack.
    291           *********************************************************************/

   \                                 In  segment BANKED_CODE, align 1, keep-with-next
    292          uint16 OnBoard_stack_used(void)
   \                     OnBoard_stack_used:
    293          {
   \   000000   C082         PUSH    DPL
   \   000002   C083         PUSH    DPH
   \   000004                ; Saved register size: 2
   \   000004                ; Auto size: 0
    294            uint8 const *ptr;
    295            uint8 cnt = 0;
   \   000004   7800         MOV     R0,#0x0
    296          
    297            for (ptr = CSTACK_END; ptr > CSTACK_BEG; ptr--)
   \   000006   7582..       MOV     DPL,#(SFE(XSTACK) + 255) & 0xff
   \   000009   7583..       MOV     DPH,#((SFE(XSTACK) - 1) >> 8) & 0xff
   \   00000C   800E         SJMP    ??OnBoard_stack_used_0
    298            {
    299              if (STACK_INIT_VALUE == *ptr)
    300              {
    301                if (++cnt >= MIN_RAM_INIT)
    302                {
    303                  ptr += MIN_RAM_INIT;
    304                  break;
    305                }
    306              }
    307              else
    308              {
    309                cnt = 0;
   \                     ??OnBoard_stack_used_1:
   \   00000E   7800         MOV     R0,#0x0
    310              }
   \                     ??OnBoard_stack_used_2:
   \   000010   E582         MOV     A,DPL
   \   000012   24FF         ADD     A,#-0x1
   \   000014   F582         MOV     DPL,A
   \   000016   E583         MOV     A,DPH
   \   000018   34FF         ADDC    A,#-0x1
   \   00001A   F583         MOV     DPH,A
   \                     ??OnBoard_stack_used_0:
   \   00001C   C3           CLR     C
   \   00001D   74..         MOV     A,#SFB(XSTACK) & 0xff
   \   00001F   9582         SUBB    A,DPL
   \   000021   74..         MOV     A,#(SFB(XSTACK) >> 8) & 0xff
   \   000023   9583         SUBB    A,DPH
   \   000025   5018         JNC     ??OnBoard_stack_used_3
   \   000027   E0           MOVX    A,@DPTR
   \   000028   64CD         XRL     A,#0xcd
   \   00002A   70E2         JNZ     ??OnBoard_stack_used_1
   \   00002C   08           INC     R0
   \   00002D   E8           MOV     A,R0
   \   00002E   C3           CLR     C
   \   00002F   940C         SUBB    A,#0xc
   \   000031   40DD         JC      ??OnBoard_stack_used_2
   \   000033   E582         MOV     A,DPL
   \   000035   240C         ADD     A,#0xc
   \   000037   F582         MOV     DPL,A
   \   000039   E583         MOV     A,DPH
   \   00003B   3400         ADDC    A,#0x0
   \   00003D   F583         MOV     DPH,A
    311            }
    312          
    313            return (uint16)(CSTACK_END - ptr + 1);
   \                     ??OnBoard_stack_used_3:
   \   00003F   74..         MOV     A,#(SFE(XSTACK) + 255) & 0xff
   \   000041   C3           CLR     C
   \   000042   9582         SUBB    A,DPL
   \   000044   F8           MOV     R0,A
   \   000045   74..         MOV     A,#((SFE(XSTACK) - 1) >> 8) & 0xff
   \   000047   9583         SUBB    A,DPH
   \   000049   F9           MOV     R1,A
   \   00004A   E8           MOV     A,R0
   \   00004B   2401         ADD     A,#0x1
   \   00004D   FA           MOV     R2,A
   \   00004E   E9           MOV     A,R1
   \   00004F   3400         ADDC    A,#0x0
   \   000051   FB           MOV     R3,A
   \   000052   02....       LJMP    ?Subroutine1 & 0xFFFF
    314          }
    315          
    316          /*********************************************************************
    317           * @fn      _itoa
    318           *
    319           * @brief   convert a 16bit number to ASCII
    320           *
    321           * @param   num -
    322           *          buf -
    323           *          radix -
    324           *
    325           * @return  void
    326           *
    327           *********************************************************************/

   \                                 In  segment BANKED_CODE, align 1, keep-with-next
    328          void _itoa(uint16 num, uint8 *buf, uint8 radix)
   \                     _itoa:
    329          {
   \   000000   74F0         MOV     A,#-0x10
   \   000002   12....       LCALL   ?BANKED_ENTER_XDATA
   \   000005                ; Saved register size: 16
   \   000005                ; Auto size: 5
   \   000005   74FB         MOV     A,#-0x5
   \   000007   12....       LCALL   ?ALLOC_XSTACK8
   \   00000A   EA           MOV     A,R2
   \   00000B   FE           MOV     R6,A
   \   00000C   EB           MOV     A,R3
   \   00000D   FF           MOV     R7,A
   \   00000E   8C..         MOV     ?V0 + 0,R4
   \   000010   8D..         MOV     ?V0 + 1,R5
    330            char c,i;
    331            uint8 *p, rst[5];
    332          
    333            p = rst;
   \   000012   85..82       MOV     DPL,?XSP + 0
   \   000015   85..83       MOV     DPH,?XSP + 1
   \   000018   AC82         MOV     R4,DPL
   \   00001A   AD83         MOV     R5,DPH
    334            for ( i=0; i<5; i++,p++ )
   \   00001C   75..00       MOV     ?V0 + 5,#0x0
   \   00001F   8982         MOV     DPL,R1
   \   000021   8582..       MOV     ?V0 + 2,DPL
   \   000024   75..00       MOV     ?V0 + 3,#0x0
    335            {
    336              c = num % radix;  // Isolate a digit
   \                     ??_itoa_0:
   \   000027   EE           MOV     A,R6
   \   000028   F8           MOV     R0,A
   \   000029   EF           MOV     A,R7
   \   00002A   F9           MOV     R1,A
   \   00002B   AA..         MOV     R2,?V0 + 2
   \   00002D   AB..         MOV     R3,?V0 + 3
   \   00002F   12....       LCALL   ?US_DIV_MOD
   \   000032   EA           MOV     A,R2
    337              *p = c + (( c < 10 ) ? '0' : '7');  // Convert to Ascii
   \   000033   940A         SUBB    A,#0xa
   \   000035   5004         JNC     ??_itoa_1
   \   000037   7830         MOV     R0,#0x30
   \   000039   8002         SJMP    ??_itoa_2
   \                     ??_itoa_1:
   \   00003B   7837         MOV     R0,#0x37
   \                     ??_itoa_2:
   \   00003D   E8           MOV     A,R0
   \   00003E   2A           ADD     A,R2
   \   00003F   8C82         MOV     DPL,R4
   \   000041   8D83         MOV     DPH,R5
   \   000043   F0           MOVX    @DPTR,A
    338              num /= radix;
   \   000044   EE           MOV     A,R6
   \   000045   F8           MOV     R0,A
   \   000046   EF           MOV     A,R7
   \   000047   F9           MOV     R1,A
   \   000048   AA..         MOV     R2,?V0 + 2
   \   00004A   AB..         MOV     R3,?V0 + 3
   \   00004C   12....       LCALL   ?US_DIV_MOD
   \   00004F   88..         MOV     ?V0 + 6,R0
   \   000051   89..         MOV     ?V0 + 7,R1
   \   000053   AE..         MOV     R6,?V0 + 6
   \   000055   AF..         MOV     R7,?V0 + 7
    339              if ( !num )
   \   000057   EE           MOV     A,R6
   \   000058   4F           ORL     A,R7
   \   000059   600D         JZ      ??_itoa_3
    340                break;
    341            }
   \   00005B   05..         INC     ?V0 + 5
   \   00005D   A3           INC     DPTR
   \   00005E   AC82         MOV     R4,DPL
   \   000060   AD83         MOV     R5,DPH
   \   000062   E5..         MOV     A,?V0 + 5
   \   000064   9405         SUBB    A,#0x5
   \   000066   40BF         JC      ??_itoa_0
    342          
    343            for ( c=0 ; c<=i; c++ )
   \                     ??_itoa_3:
   \   000068   7A00         MOV     R2,#0x0
    344              *buf++ = *p--;  // Reverse character order
   \                     ??_itoa_4:
   \   00006A   8C82         MOV     DPL,R4
   \   00006C   8D83         MOV     DPH,R5
   \   00006E   E0           MOVX    A,@DPTR
   \   00006F   85..82       MOV     DPL,?V0 + 0
   \   000072   85..83       MOV     DPH,?V0 + 1
   \   000075   F0           MOVX    @DPTR,A
   \   000076   EC           MOV     A,R4
   \   000077   24FF         ADD     A,#-0x1
   \   000079   1C           DEC     R4
   \   00007A   ED           MOV     A,R5
   \   00007B   34FF         ADDC    A,#-0x1
   \   00007D   FD           MOV     R5,A
   \   00007E   A3           INC     DPTR
   \   00007F   8582..       MOV     ?V0 + 0,DPL
   \   000082   8583..       MOV     ?V0 + 1,DPH
   \   000085   0A           INC     R2
   \   000086   E5..         MOV     A,?V0 + 5
   \   000088   C3           CLR     C
   \   000089   9A           SUBB    A,R2
   \   00008A   50DE         JNC     ??_itoa_4
    345          
    346            *buf = '\0';
   \   00008C   E4           CLR     A
   \   00008D   F0           MOVX    @DPTR,A
    347          }
   \   00008E   7405         MOV     A,#0x5
   \   000090   12....       LCALL   ?DEALLOC_XSTACK8
   \   000093   7F08         MOV     R7,#0x8
   \   000095   02....       LJMP    ?BANKED_LEAVE_XDATA
    348          
    349          /*********************************************************************
    350           * @fn        Onboard_rand
    351           *
    352           * @brief    Random number generator
    353           *
    354           * @param   none
    355           *
    356           * @return  uint16 - new random number
    357           *
    358           *********************************************************************/

   \                                 In  segment BANKED_CODE, align 1, keep-with-next
    359          uint16 Onboard_rand( void )
   \                     Onboard_rand:
    360          {
   \   000000   C082         PUSH    DPL
   \   000002   C083         PUSH    DPH
   \   000004                ; Saved register size: 2
   \   000004                ; Auto size: 0
    361            return ( MAC_RADIO_RANDOM_WORD() );
   \   000004                ; Setup parameters for call to function macMcuRandomWord
   \   000004   12....       LCALL   ??macMcuRandomWord?relay
   \   000007   02....       LJMP    ?Subroutine1 & 0xFFFF
    362          }
    363          
    364          /*********************************************************************
    365           * @fn        Onboard_wait
    366           *
    367           * @brief    Delay wait
    368           *
    369           * @param   uint16 - time to wait
    370           *
    371           * @return  none
    372           *
    373           *********************************************************************/

   \                                 In  segment BANKED_CODE, align 1, keep-with-next
    374          void Onboard_wait( uint16 timeout )
   \                     Onboard_wait:
    375          {
   \   000000                ; Saved register size: 0
   \   000000                ; Auto size: 0
   \   000000   8003         SJMP    ??Onboard_wait_0
    376            while (timeout--)
    377            {
    378              asm("NOP");
   \                     ??Onboard_wait_1:
   \   000002   00           NOP
    379              asm("NOP");
   \   000003   00           NOP
    380              asm("NOP");
   \   000004   00           NOP
    381            }
   \                     ??Onboard_wait_0:
   \   000005   EA           MOV     A,R2
   \   000006   F8           MOV     R0,A
   \   000007   EB           MOV     A,R3
   \   000008   F9           MOV     R1,A
   \   000009   E8           MOV     A,R0
   \   00000A   24FF         ADD     A,#-0x1
   \   00000C   1A           DEC     R2
   \   00000D   E9           MOV     A,R1
   \   00000E   34FF         ADDC    A,#-0x1
   \   000010   FB           MOV     R3,A
   \   000011   E8           MOV     A,R0
   \   000012   49           ORL     A,R1
   \   000013   70ED         JNZ     ??Onboard_wait_1
    382          }
   \   000015   02....       LJMP    ?BRET
    383          
    384          /*********************************************************************
    385           * @fn      Onboard_soft_reset
    386           *
    387           * @brief   Effect a soft reset.
    388           *
    389           * @param   none
    390           *
    391           * @return  none
    392           *
    393           *********************************************************************/

   \                                 In  segment NEAR_CODE, align 1, keep-with-next
    394          __near_func void Onboard_soft_reset( void )
   \                     Onboard_soft_reset:
    395          {
   \   000000                ; Saved register size: 0
   \   000000                ; Auto size: 0
    396            HAL_DISABLE_INTERRUPTS();
   \   000000   C2AF         CLR     0xa8.7
    397            // Abort all DMA channels to insure that ongoing operations do not
    398            // interfere with re-configuration.
    399            DMAARM = 0x80 | 0x1F;
   \   000002   75D69F       MOV     0xd6,#-0x61
    400            asm("LJMP 0x0");
   \   000005   020000       LJMP 0x0
    401          }
   \   000008   22           RET
   \   000009                REQUIRE _A_IEN0
   \   000009                REQUIRE DMAARM
    402          
    403          #if defined MT_UBL_FUNC
    404          #if !defined UBL_RC_IMG_PG_BEG
    405          #define UBL_RC_IMG_PG_BEG  (HAL_SB_CRC_ADDR / HAL_FLASH_PAGE_SIZE)
    406          #endif
    407          #if !defined UBL_MD_PG_OFFSET
    408          #define UBL_MD_PG_OFFSET   (HAL_SB_CRC_ADDR % HAL_FLASH_PAGE_SIZE + 2)
    409          #endif
    410          #if !defined UBL_ADDR
    411          #define UBL_MD_ADDR        (HAL_SB_CRC_ADDR + 2)
    412          #endif
    413          
    414          /*********************************************************************
    415           * @fn      MT_UblCommandProcessing
    416           *
    417           * @brief   Effect a soft reset.
    418           *
    419           * @param   pBuf - Pointer to the received MT buffer.
    420           *
    421           * @return  MT_RPC_ERR_COMMAND_ID if the MT command is not MT_UBL_ERASE.
    422           *
    423           *********************************************************************/
    424          uint8 MT_UblCommandProcessing(uint8 *pBuf);
    425          uint8 MT_UblCommandProcessing(uint8 *pBuf)
    426          {
    427            if (pBuf[MT_RPC_POS_CMD1] == MT_UBL_ERASE)
    428            {
    429              uint16 crc[2];
    430              HalFlashRead(UBL_RC_IMG_PG_BEG, UBL_MD_PG_OFFSET, (uint8 *)(crc+1), 2);
    431          
    432              if (crc[1] != 0)
    433              {
    434                crc[1] ^= 0xFFFF;  // Only write to zero bits that are not already zero.
    435                crc[0] = 0xFFFF;
    436                HalFlashWrite((UBL_MD_ADDR - 2) / HAL_FLASH_WORD_SIZE, (uint8 *)crc, 1);
    437              }
    438          
    439              Onboard_soft_reset();
    440            }
    441          
    442            return MT_RPC_ERR_COMMAND_ID;
    443          }
    444          #endif
    445          
    446          /*********************************************************************
    447           *                    EXTERNAL I/O FUNCTIONS
    448           *
    449           * User defined functions to control external devices. Add your code
    450           * to the following functions to control devices wired to DB outputs.
    451           *
    452           *********************************************************************/
    453          

   \                                 In  segment BANKED_CODE, align 1, keep-with-next
    454          void BigLight_On( void )
   \                     BigLight_On:
    455          {
   \   000000                ; Saved register size: 0
   \   000000                ; Auto size: 0
    456            // Put code here to turn on an external light
    457          }
   \   000000   02....       LJMP    ?BRET
    458          

   \                                 In  segment BANKED_CODE, align 1, keep-with-next
    459          void BigLight_Off( void )
   \                     BigLight_Off:
    460          {
   \   000000                ; Saved register size: 0
   \   000000                ; Auto size: 0
    461            // Put code here to turn off an external light
    462          }
   \   000000   02....       LJMP    ?BRET
    463          

   \                                 In  segment BANKED_CODE, align 1, keep-with-next
    464          void BuzzerControl( uint8 on )
   \                     BuzzerControl:
    465          {
   \   000000                ; Saved register size: 0
   \   000000                ; Auto size: 0
    466            // Put code here to turn a buzzer on/off
    467            (void)on;
    468          }
   \   000000   02....       LJMP    ?BRET
    469          

   \                                 In  segment BANKED_CODE, align 1, keep-with-next
    470          void Dimmer( uint8 lvl )
   \                     Dimmer:
    471          {
   \   000000                ; Saved register size: 0
   \   000000                ; Auto size: 0
    472            // Put code here to control a dimmer
    473            (void)lvl;
    474          }
   \   000000   02....       LJMP    ?BRET
    475          
    476          // No dip switches on this board

   \                                 In  segment BANKED_CODE, align 1, keep-with-next
    477          uint8 GetUserDipSw( void )
   \                     GetUserDipSw:
    478          {
   \   000000                ; Saved register size: 0
   \   000000                ; Auto size: 0
    479            return 0;
   \   000000   7900         MOV     R1,#0x0
   \   000002   02....       LJMP    ?BRET
    480          }

   \                                 In  segment XDATA_ID, align 1, keep-with-next
   \                     `?<Initializer for registeredKeysTaskID>`:
   \   000000   FF           DB 255

   \                                 In  segment BANK_RELAYS, align 1
   \                     ??InitBoard?relay:
   \   000000   12....       LCALL   ?BDISPATCH
   \   000003   ......       DC24    InitBoard

   \                                 In  segment BANK_RELAYS, align 1
   \                     ??RegisterForKeys?relay:
   \   000000   12....       LCALL   ?BDISPATCH
   \   000003   ......       DC24    RegisterForKeys

   \                                 In  segment BANK_RELAYS, align 1
   \                     ??OnBoard_SendKeys?relay:
   \   000000   12....       LCALL   ?BDISPATCH
   \   000003   ......       DC24    OnBoard_SendKeys

   \                                 In  segment BANK_RELAYS, align 1
   \                     ??OnBoard_KeyCallback?relay:
   \   000000   12....       LCALL   ?BDISPATCH
   \   000003   ......       DC24    OnBoard_KeyCallback

   \                                 In  segment BANK_RELAYS, align 1
   \                     ??OnBoard_stack_used?relay:
   \   000000   12....       LCALL   ?BDISPATCH
   \   000003   ......       DC24    OnBoard_stack_used

   \                                 In  segment BANK_RELAYS, align 1
   \                     ??_itoa?relay:
   \   000000   12....       LCALL   ?BDISPATCH
   \   000003   ......       DC24    _itoa

   \                                 In  segment BANK_RELAYS, align 1
   \                     ??Onboard_rand?relay:
   \   000000   12....       LCALL   ?BDISPATCH
   \   000003   ......       DC24    Onboard_rand

   \                                 In  segment BANK_RELAYS, align 1
   \                     ??Onboard_wait?relay:
   \   000000   12....       LCALL   ?BDISPATCH
   \   000003   ......       DC24    Onboard_wait

   \                                 In  segment BANK_RELAYS, align 1
   \                     ??BigLight_On?relay:
   \   000000   12....       LCALL   ?BDISPATCH
   \   000003   ......       DC24    BigLight_On

   \                                 In  segment BANK_RELAYS, align 1
   \                     ??BigLight_Off?relay:
   \   000000   12....       LCALL   ?BDISPATCH
   \   000003   ......       DC24    BigLight_Off

   \                                 In  segment BANK_RELAYS, align 1
   \                     ??BuzzerControl?relay:
   \   000000   12....       LCALL   ?BDISPATCH
   \   000003   ......       DC24    BuzzerControl

   \                                 In  segment BANK_RELAYS, align 1
   \                     ??Dimmer?relay:
   \   000000   12....       LCALL   ?BDISPATCH
   \   000003   ......       DC24    Dimmer

   \                                 In  segment BANK_RELAYS, align 1
   \                     ??GetUserDipSw?relay:
   \   000000   12....       LCALL   ?BDISPATCH
   \   000003   ......       DC24    GetUserDipSw
    481          
    482          /*********************************************************************
    483          *********************************************************************/

   Maximum stack usage in bytes:

   ISTACK PSTACK XSTACK Function
   ------ ------ ------ --------
       0      0      0  BigLight_Off
       0      0      0  BigLight_On
       0      0      0  BuzzerControl
       0      0      0  Dimmer
       0      0      0  GetUserDipSw
       0      0      9  InitBoard
                          0 0  9 -> HalKeyConfig
                          0 0  9 -> halAssertHandler
                          0 0  9 -> osal_int_disable
       0      0      9  OnBoard_KeyCallback
                          0 0  9 -> OnBoard_SendKeys
       1      0     19  OnBoard_SendKeys
                          0 0 10 -> osal_msg_allocate
                          0 0 10 -> osal_msg_send
       2      0      0  OnBoard_stack_used
       2      0      0  Onboard_rand
                          2 0  0 -> macMcuRandomWord
       0      0      0  Onboard_soft_reset
       0      0      0  Onboard_wait
       2      0      0  RegisterForKeys
       1      0     21  _itoa


   Segment part sizes:

   Bytes  Function/Label
   -----  --------------
       1  ?<Initializer for registeredKeysTaskID>
       6  ??BigLight_Off?relay
       6  ??BigLight_On?relay
       6  ??BuzzerControl?relay
       6  ??Dimmer?relay
       6  ??GetUserDipSw?relay
       6  ??InitBoard?relay
       6  ??OnBoard_KeyCallback?relay
       6  ??OnBoard_SendKeys?relay
       6  ??OnBoard_stack_used?relay
       6  ??Onboard_rand?relay
       6  ??Onboard_wait?relay
       6  ??RegisterForKeys?relay
       6  ??_itoa?relay
       5  ?Subroutine0
       7  ?Subroutine1
       3  BigLight_Off
       3  BigLight_On
       3  BuzzerControl
       1  DMAARM
       3  Dimmer
       5  GetUserDipSw
      49  InitBoard
      16  OnBoard_KeyCallback
      66  OnBoard_SendKeys
      85  OnBoard_stack_used
      10  Onboard_rand
       9  Onboard_soft_reset
      24  Onboard_wait
      21  RegisterForKeys
       1  SLEEPSTA
       1  _A_IEN0
     152  _itoa
      16  _lockBits
       8  _nvIEEE
    1932  _reserved
       8  aExtendedAddress
       1  registeredKeysTaskID

 
   452 bytes in segment BANKED_CODE
    78 bytes in segment BANK_RELAYS
     8 bytes in segment IEEE_ADDRESS_SPACE
    16 bytes in segment LOCK_BITS_ADDRESS_SPACE
     9 bytes in segment NEAR_CODE
 1 932 bytes in segment RESERVED_ADDRESS_SPACE
     3 bytes in segment SFR_AN
     1 byte  in segment XDATA_I
     1 byte  in segment XDATA_ID
     8 bytes in segment XDATA_Z
 
   540 bytes of CODE  memory
     0 bytes of DATA  memory (+ 3 bytes shared)
 1 965 bytes of XDATA memory

Errors: none
Warnings: none
