###############################################################################
#                                                                             #
# IAR C/C++ Compiler V8.20.2.41139 for 8051             07/May/2014  17:02:22 #
# Copyright 2004-2013 IAR Systems AB.                                         #
#                                                                             #
#    Core               =  plain                                              #
#    Code model         =  banked                                             #
#    Data model         =  large                                              #
#    Calling convention =  xdata reentrant                                    #
#    Constant location  =  data_rom                                           #
#    Dptr setup         =  1,16                                               #
#                                                                             #
#    Source file        =  D:\Texas Instruments\Z-Stack Lighting              #
#                          1.0.2\Projects\zstack\ZLL\SampleApp\Source\Bridge\ #
#                          OSAL_SampleBridge.c                                #
#    Command line       =  -f "D:\Texas Instruments\Z-Stack Lighting          #
#                          1.0.2\Projects\zstack\ZLL\SampleApp\CC253x\..\..\. #
#                          .\Tools\CC2530DB\f8wRouter.cfg" (-DCPU32MHZ        #
#                          -DROOT=__near_func -DMAC_CFG_APP_PENDING_QUEUE=TRU #
#                          E -DMAC_CFG_TX_DATA_MAX=5 -DMAC_CFG_TX_MAX=8       #
#                          -DMAC_CFG_RX_MAX=5 -DRTR_NWK) -f "D:\Texas         #
#                          Instruments\Z-Stack Lighting                       #
#                          1.0.2\Projects\zstack\ZLL\SampleApp\CC253x\..\..\. #
#                          .\Tools\CC2530DB\f8wConfig.cfg" (-DZIGBEEPRO       #
#                          -DSECURE=1 -DZG_SECURE_DYNAMIC=0 -DREFLECTOR       #
#                          -DDEFAULT_CHANLIST=0x00000800                      #
#                          -DZDAPP_CONFIG_PAN_ID=0xFFFF                       #
#                          -DNWK_START_DELAY=100 -DEXTENDED_JOINING_RANDOM_MA #
#                          SK=0x007F -DBEACON_REQUEST_DELAY=100               #
#                          -DBEACON_REQ_DELAY_MASK=0x00FF                     #
#                          -DLINK_STATUS_JITTER_MASK=0x007F                   #
#                          -DROUTE_EXPIRY_TIME=30 -DAPSC_ACK_WAIT_DURATION_PO #
#                          LLED=3000 -DNWK_INDIRECT_MSG_TIMEOUT=7             #
#                          -DMAX_RREQ_ENTRIES=8 -DAPSC_MAX_FRAME_RETRIES=3    #
#                          -DNWK_MAX_DATA_RETRIES=2                           #
#                          -DMAX_POLL_FAILURE_RETRIES=2 -DMAX_BCAST=9         #
#                          -DAPS_MAX_GROUPS=16 -DMAX_RTG_ENTRIES=40           #
#                          -DNWK_MAX_BINDING_ENTRIES=4                        #
#                          -DMAX_BINDING_CLUSTER_IDS=4 "-DDEFAULT_KEY={0x01,  #
#                          0x03, 0x05, 0x07, 0x09, 0x0B, 0x0D, 0x0F, 0x00,    #
#                          0x02, 0x04, 0x06, 0x08, 0x0A, 0x0C, 0x0D}"         #
#                          -DMAC_MAX_FRAME_SIZE=116                           #
#                          -DZDNWKMGR_MIN_TRANSMISSIONS=20 "-DCONST=const     #
#                          __code" -DGENERIC=__generic                        #
#                          -DRFD_RCVC_ALWAYS_ON=FALSE -DPOLL_RATE=1000        #
#                          -DQUEUED_POLL_RATE=100 -DRESPONSE_POLL_RATE=100    #
#                          -DREJOIN_POLL_RATE=440) -f "D:\Texas               #
#                          Instruments\Z-Stack Lighting                       #
#                          1.0.2\Projects\zstack\ZLL\SampleApp\CC253x\..\..\. #
#                          .\Tools\CC2530DB\f8wZCL.cfg" "D:\Texas             #
#                          Instruments\Z-Stack Lighting                       #
#                          1.0.2\Projects\zstack\ZLL\SampleApp\Source\Bridge\ #
#                          OSAL_SampleBridge.c" -D FEATURE_GREEN_POWER -D     #
#                          SECURE=1 -D TC_LINKKEY_JOIN -D                     #
#                          ZDSECMGR_TC_DEVICE_MAX=2 -D NV_RESTORE -D          #
#                          HOLD_AUTO_START -D INTER_PAN -D ZTOOL_P1 -D        #
#                          MT_TASK -D MT_APP_FUNC -D MT_SYS_FUNC -D           #
#                          MT_ZDO_FUNC -D MT_ZDO_CB_FUNC -D MT_UTIL_FUNC -D   #
#                          MT_ZDO_MGMT -D LCD_SUPPORTED -D HAL_LCD=FALSE -D   #
#                          HAL_KEY=FALSE -D ZCL_BASIC -D ZCL_READ -D          #
#                          ZCL_WRITE -D ZCL_IDENTIFY -D ZCL_ON_OFF -D         #
#                          ZCL_SCENES -D ZCL_GROUPS -D                        #
#                          ZCL_LIGHT_LINK_ENHANCE -D ZCL_LEVEL_CTRL -D        #
#                          ZCL_COLOR_CTRL -D xMAX_CHANNELS_24GHZ=0x02108800   #
#                          -lC "D:\Texas Instruments\Z-Stack Lighting         #
#                          1.0.2\Projects\zstack\ZLL\SampleApp\CC253x\BridgeE #
#                          B-Pro\List\" -lA "D:\Texas Instruments\Z-Stack     #
#                          Lighting 1.0.2\Projects\zstack\ZLL\SampleApp\CC253 #
#                          x\BridgeEB-Pro\List\" --diag_suppress Pe001,Pa010  #
#                          -o "D:\Texas Instruments\Z-Stack Lighting          #
#                          1.0.2\Projects\zstack\ZLL\SampleApp\CC253x\BridgeE #
#                          B-Pro\Obj\" -e --debug --core=plain --dptr=16,1    #
#                          --data_model=large --code_model=banked             #
#                          --calling_convention=xdata_reentrant               #
#                          --place_constants=data_rom --nr_virtual_regs 16    #
#                          -I "D:\Texas Instruments\Z-Stack Lighting          #
#                          1.0.2\Projects\zstack\ZLL\SampleApp\CC253x\" -I    #
#                          "D:\Texas Instruments\Z-Stack Lighting             #
#                          1.0.2\Projects\zstack\ZLL\SampleApp\CC253x\..\Sour #
#                          ce\" -I "D:\Texas Instruments\Z-Stack Lighting     #
#                          1.0.2\Projects\zstack\ZLL\SampleApp\CC253x\..\..\S #
#                          ource\" -I "D:\Texas Instruments\Z-Stack Lighting  #
#                          1.0.2\Projects\zstack\ZLL\SampleApp\CC253x\..\..\. #
#                          .\HomeAutomation\Source\" -I "D:\Texas             #
#                          Instruments\Z-Stack Lighting                       #
#                          1.0.2\Projects\zstack\ZLL\SampleApp\CC253x\..\..\. #
#                          .\HomeAutomation\SampleLight\Source\" -I           #
#                          "D:\Texas Instruments\Z-Stack Lighting             #
#                          1.0.2\Projects\zstack\ZLL\SampleApp\CC253x\..\..\. #
#                          .\ZMain\TI2530DB\" -I "D:\Texas                    #
#                          Instruments\Z-Stack Lighting                       #
#                          1.0.2\Projects\zstack\ZLL\SampleApp\CC253x\..\..\. #
#                          .\..\..\Components\hal\include\" -I "D:\Texas      #
#                          Instruments\Z-Stack Lighting                       #
#                          1.0.2\Projects\zstack\ZLL\SampleApp\CC253x\..\..\. #
#                          .\..\..\Components\hal\target\CC2530EB\" -I        #
#                          "D:\Texas Instruments\Z-Stack Lighting             #
#                          1.0.2\Projects\zstack\ZLL\SampleApp\CC253x\..\..\. #
#                          .\..\..\Components\mac\include\" -I "D:\Texas      #
#                          Instruments\Z-Stack Lighting                       #
#                          1.0.2\Projects\zstack\ZLL\SampleApp\CC253x\..\..\. #
#                          .\..\..\Components\mac\high_level\" -I "D:\Texas   #
#                          Instruments\Z-Stack Lighting                       #
#                          1.0.2\Projects\zstack\ZLL\SampleApp\CC253x\..\..\. #
#                          .\..\..\Components\mac\low_level\srf04\" -I        #
#                          "D:\Texas Instruments\Z-Stack Lighting             #
#                          1.0.2\Projects\zstack\ZLL\SampleApp\CC253x\..\..\. #
#                          .\..\..\Components\mac\low_level\srf04\single_chip #
#                          \" -I "D:\Texas Instruments\Z-Stack Lighting       #
#                          1.0.2\Projects\zstack\ZLL\SampleApp\CC253x\..\..\. #
#                          .\..\..\Components\mt\" -I "D:\Texas               #
#                          Instruments\Z-Stack Lighting                       #
#                          1.0.2\Projects\zstack\ZLL\SampleApp\CC253x\..\..\. #
#                          .\..\..\Components\osal\include\" -I "D:\Texas     #
#                          Instruments\Z-Stack Lighting                       #
#                          1.0.2\Projects\zstack\ZLL\SampleApp\CC253x\..\..\. #
#                          .\..\..\Components\services\saddr\" -I "D:\Texas   #
#                          Instruments\Z-Stack Lighting                       #
#                          1.0.2\Projects\zstack\ZLL\SampleApp\CC253x\..\..\. #
#                          .\..\..\Components\services\sdata\" -I "D:\Texas   #
#                          Instruments\Z-Stack Lighting                       #
#                          1.0.2\Projects\zstack\ZLL\SampleApp\CC253x\..\..\. #
#                          .\..\..\Components\stack\af\" -I "D:\Texas         #
#                          Instruments\Z-Stack Lighting                       #
#                          1.0.2\Projects\zstack\ZLL\SampleApp\CC253x\..\..\. #
#                          .\..\..\Components\stack\nwk\" -I "D:\Texas        #
#                          Instruments\Z-Stack Lighting                       #
#                          1.0.2\Projects\zstack\ZLL\SampleApp\CC253x\..\..\. #
#                          .\..\..\Components\stack\sapi\" -I "D:\Texas       #
#                          Instruments\Z-Stack Lighting                       #
#                          1.0.2\Projects\zstack\ZLL\SampleApp\CC253x\..\..\. #
#                          .\..\..\Components\stack\sec\" -I "D:\Texas        #
#                          Instruments\Z-Stack Lighting                       #
#                          1.0.2\Projects\zstack\ZLL\SampleApp\CC253x\..\..\. #
#                          .\..\..\Components\stack\sys\" -I "D:\Texas        #
#                          Instruments\Z-Stack Lighting                       #
#                          1.0.2\Projects\zstack\ZLL\SampleApp\CC253x\..\..\. #
#                          .\..\..\Components\stack\zcl\" -I "D:\Texas        #
#                          Instruments\Z-Stack Lighting                       #
#                          1.0.2\Projects\zstack\ZLL\SampleApp\CC253x\..\..\. #
#                          .\..\..\Components\stack\zdo\" -I "D:\Texas        #
#                          Instruments\Z-Stack Lighting                       #
#                          1.0.2\Projects\zstack\ZLL\SampleApp\CC253x\..\..\. #
#                          .\..\..\Components\zmac\" -I "D:\Texas             #
#                          Instruments\Z-Stack Lighting                       #
#                          1.0.2\Projects\zstack\ZLL\SampleApp\CC253x\..\..\. #
#                          .\..\..\Components\zmac\f8w\" -Ohz                 #
#                          --require_prototypes                               #
#    List file          =  D:\Texas Instruments\Z-Stack Lighting              #
#                          1.0.2\Projects\zstack\ZLL\SampleApp\CC253x\BridgeE #
#                          B-Pro\List\OSAL_SampleBridge.lst                   #
#    Object file        =  D:\Texas Instruments\Z-Stack Lighting              #
#                          1.0.2\Projects\zstack\ZLL\SampleApp\CC253x\BridgeE #
#                          B-Pro\Obj\OSAL_SampleBridge.r51                    #
#                                                                             #
#                                                                             #
###############################################################################

D:\Texas Instruments\Z-Stack Lighting 1.0.2\Projects\zstack\ZLL\SampleApp\Source\Bridge\OSAL_SampleBridge.c
      1          /**************************************************************************************************
      2            Filename:       OSAL_SampleBridge.c
      3            Revised:        $Date: 2013-04-08 18:54:08 -0700 (Mon, 08 Apr 2013) $
      4            Revision:       $Revision: 33837 $
      5          
      6            Description:    This file contains all the settings and other functions
      7                            that the user should set and change.
      8          
      9          
     10            Copyright 2013 Texas Instruments Incorporated. All rights reserved.
     11          
     12            IMPORTANT: Your use of this Software is limited to those specific rights
     13            granted under the terms of a software license agreement between the user
     14            who downloaded the software, his/her employer (which must be your employer)
     15            and Texas Instruments Incorporated (the "License").  You may not use this
     16            Software unless you agree to abide by the terms of the License. The License
     17            limits your use, and you acknowledge, that the Software may not be modified,
     18            copied or distributed unless embedded on a Texas Instruments microcontroller
     19            or used solely and exclusively in conjunction with a Texas Instruments radio
     20            frequency transceiver, which is integrated into your product.  Other than for
     21            the foregoing purpose, you may not use, reproduce, copy, prepare derivative
     22            works of, modify, distribute, perform, display or sell this Software and/or
     23            its documentation for any purpose.
     24          
     25            YOU FURTHER ACKNOWLEDGE AND AGREE THAT THE SOFTWARE AND DOCUMENTATION ARE
     26            PROVIDED “AS IS” WITHOUT WARRANTY OF ANY KIND, EITHER EXPRESS OR IMPLIED,
     27            INCLUDING WITHOUT LIMITATION, ANY WARRANTY OF MERCHANTABILITY, TITLE,
     28            NON-INFRINGEMENT AND FITNESS FOR A PARTICULAR PURPOSE. IN NO EVENT SHALL
     29            TEXAS INSTRUMENTS OR ITS LICENSORS BE LIABLE OR OBLIGATED UNDER CONTRACT,
     30            NEGLIGENCE, STRICT LIABILITY, CONTRIBUTION, BREACH OF WARRANTY, OR OTHER
     31            LEGAL EQUITABLE THEORY ANY DIRECT OR INDIRECT DAMAGES OR EXPENSES
     32            INCLUDING BUT NOT LIMITED TO ANY INCIDENTAL, SPECIAL, INDIRECT, PUNITIVE
     33            OR CONSEQUENTIAL DAMAGES, LOST PROFITS OR LOST DATA, COST OF PROCUREMENT
     34            OF SUBSTITUTE GOODS, TECHNOLOGY, SERVICES, OR ANY CLAIMS BY THIRD PARTIES
     35            (INCLUDING BUT NOT LIMITED TO ANY DEFENSE THEREOF), OR OTHER SIMILAR COSTS.
     36          
     37            Should you have any questions regarding your right to use this Software,
     38            contact Texas Instruments Incorporated at www.TI.com.
     39          **************************************************************************************************/
     40          
     41          /*********************************************************************
     42           * INCLUDES
     43           */
     44          
     45          #include "ZComDef.h"
     46          #include "hal_drivers.h"
     47          #include "OSAL_Tasks.h"
     48          #include "nwk_globals.h"
     49          
     50          #if defined ( MT_TASK )
     51            #include "MT.h"
     52            #include "MT_TASK.h"
     53          #endif
     54          
     55          #if defined ( ZIGBEE_FREQ_AGILITY ) || defined ( ZIGBEE_PANID_CONFLICT )
     56            #include "ZDNwkMgr.h"
     57          #endif
     58          
     59          #if defined ( ZIGBEE_FRAGMENTATION )
     60            #include "aps_frag.h"
     61          #endif
     62          
     63          #if defined ( INTER_PAN )
     64            #include "stub_aps.h"
     65          #endif
     66          
     67          #include "zll_initiator.h"
     68          #include "zll_samplebridge.h"
     69          
     70          /*********************************************************************
     71           * GLOBAL VARIABLES
     72           */
     73          
     74          // The order in this table must be identical to the task initialization calls below in osalInitTask.

   \                                 In  segment XDATA_ROM_C, align 1
     75          const pTaskEventHandlerFn tasksArr[] = {
   \                     tasksArr:
   \   000000   ....         DW ??macEventLoop?relay
   \   000002   ....         DW ??nwk_event_loop?relay
   \   000004   ....         DW ??Hal_ProcessEvent?relay
   \   000006   ....         DW ??MT_ProcessEvent?relay
   \   000008   ....         DW ??APS_event_loop?relay
   \   00000A   ....         DW ??APSF_ProcessEvent?relay
   \   00000C   ....         DW ??ZDApp_event_loop?relay
   \   00000E   ....         DW ??ZDNwkMgr_event_loop?relay
   \   000010   ....         DW ??StubAPS_ProcessEvent?relay
   \   000012   ....         DW ??zcl_event_loop?relay
   \   000014   ....         DW ??zllInitiator_event_loop?relay
   \   000016   ....         DW ??zllSampleBridge_event_loop?relay
     76            macEventLoop,
     77            nwk_event_loop,
     78            Hal_ProcessEvent,
     79          #if defined( MT_TASK )
     80            MT_ProcessEvent,
     81          #endif
     82            APS_event_loop,
     83          #if defined ( ZIGBEE_FRAGMENTATION )
     84            APSF_ProcessEvent,
     85          #endif
     86            ZDApp_event_loop,
     87          #if defined ( ZIGBEE_FREQ_AGILITY ) || defined ( ZIGBEE_PANID_CONFLICT )
     88            ZDNwkMgr_event_loop,
     89          #endif
     90          #if defined( INTER_PAN )
     91            StubAPS_ProcessEvent,
     92          #endif
     93            zcl_event_loop,
     94            zllInitiator_event_loop,
     95            zllSampleBridge_event_loop
     96          };
     97          

   \                                 In  segment XDATA_ROM_C, align 1
     98          const uint8 tasksCnt = sizeof( tasksArr ) / sizeof( tasksArr[0] );
   \                     tasksCnt:
   \   000000   0C           DB 12

   \                                 In  segment XDATA_Z, align 1, keep-with-next
     99          uint16 *tasksEvents;
   \                     tasksEvents:
   \   000000                DS 2
   \   000002                REQUIRE __INIT_XDATA_Z
    100          
    101          /*********************************************************************
    102           * FUNCTIONS
    103           *********************************************************************/
    104          
    105          /*********************************************************************
    106           * @fn      osalInitTasks
    107           *
    108           * @brief   This function invokes the initialization function for each task.
    109           *
    110           * @param   void
    111           *
    112           * @return  none
    113           */

   \                                 In  segment BANKED_CODE, align 1, keep-with-next
    114          void osalInitTasks( void )
   \                     osalInitTasks:
    115          {
   \   000000   C082         PUSH    DPL
   \   000002   C083         PUSH    DPH
   \   000004                ; Saved register size: 2
   \   000004                ; Auto size: 0
    116            uint8 taskID = 0;
    117          
    118            tasksEvents = (uint16 *)osal_mem_alloc( sizeof( uint16 ) * tasksCnt);
   \   000004                ; Setup parameters for call to function osal_mem_alloc
   \   000004   7A18         MOV     R2,#0x18
   \   000006   7B00         MOV     R3,#0x0
   \   000008   12....       LCALL   ??osal_mem_alloc?relay
   \   00000B   90....       MOV     DPTR,#tasksEvents
   \   00000E   EA           MOV     A,R2
   \   00000F   F0           MOVX    @DPTR,A
   \   000010   A3           INC     DPTR
   \   000011   EB           MOV     A,R3
   \   000012   F0           MOVX    @DPTR,A
    119            osal_memset( tasksEvents, 0, (sizeof( uint16 ) * tasksCnt));
   \   000013                ; Setup parameters for call to function osal_memset
   \   000013   7C18         MOV     R4,#0x18
   \   000015   7D00         MOV     R5,#0x0
   \   000017   7900         MOV     R1,#0x0
   \   000019   12....       LCALL   ??osal_memset?relay
    120          
    121            macTaskInit( taskID++ );
   \   00001C                ; Setup parameters for call to function macTaskInit
   \   00001C   7900         MOV     R1,#0x0
   \   00001E   12....       LCALL   ??macTaskInit?relay
    122            nwk_init( taskID++ );
   \   000021                ; Setup parameters for call to function nwk_init
   \   000021   7901         MOV     R1,#0x1
   \   000023   12....       LCALL   ??nwk_init?relay
    123            Hal_Init( taskID++ );
   \   000026                ; Setup parameters for call to function Hal_Init
   \   000026   7902         MOV     R1,#0x2
   \   000028   12....       LCALL   ??Hal_Init?relay
    124          #if defined( MT_TASK )
    125            MT_TaskInit( taskID++ );
   \   00002B                ; Setup parameters for call to function MT_TaskInit
   \   00002B   7903         MOV     R1,#0x3
   \   00002D   12....       LCALL   ??MT_TaskInit?relay
    126          #endif
    127            APS_Init( taskID++ );
   \   000030                ; Setup parameters for call to function APS_Init
   \   000030   7904         MOV     R1,#0x4
   \   000032   12....       LCALL   ??APS_Init?relay
    128          #if defined ( ZIGBEE_FRAGMENTATION )
    129            APSF_Init( taskID++ );
   \   000035                ; Setup parameters for call to function APSF_Init
   \   000035   7905         MOV     R1,#0x5
   \   000037   12....       LCALL   ??APSF_Init?relay
    130          #endif
    131            ZDApp_Init( taskID++ );
   \   00003A                ; Setup parameters for call to function ZDApp_Init
   \   00003A   7906         MOV     R1,#0x6
   \   00003C   12....       LCALL   ??ZDApp_Init?relay
    132          #if defined ( ZIGBEE_FREQ_AGILITY ) || defined ( ZIGBEE_PANID_CONFLICT )
    133            ZDNwkMgr_Init( taskID++ );
   \   00003F                ; Setup parameters for call to function ZDNwkMgr_Init
   \   00003F   7907         MOV     R1,#0x7
   \   000041   12....       LCALL   ??ZDNwkMgr_Init?relay
    134          #endif
    135          #if defined( INTER_PAN )
    136            StubAPS_Init( taskID++ );
   \   000044                ; Setup parameters for call to function StubAPS_Init
   \   000044   7908         MOV     R1,#0x8
   \   000046   12....       LCALL   ??StubAPS_Init?relay
    137          #endif
    138            zcl_Init( taskID++ );
   \   000049                ; Setup parameters for call to function zcl_Init
   \   000049   7909         MOV     R1,#0x9
   \   00004B   12....       LCALL   ??zcl_Init?relay
    139            zllInitiator_Init( taskID++ );
   \   00004E                ; Setup parameters for call to function zllInitiator_Init
   \   00004E   790A         MOV     R1,#0xa
   \   000050   12....       LCALL   ??zllInitiator_Init?relay
    140            zllSampleBridge_Init( taskID );
   \   000053                ; Setup parameters for call to function zllSampleBridge_Init
   \   000053   790B         MOV     R1,#0xb
   \   000055   12....       LCALL   ??zllSampleBridge_Init?relay
    141          }
   \   000058   D083         POP     DPH
   \   00005A   D082         POP     DPL
   \   00005C   02....       LJMP    ?BRET

   \                                 In  segment BANK_RELAYS, align 1
   \                     ??osalInitTasks?relay:
   \   000000   12....       LCALL   ?BDISPATCH
   \   000003   ......       DC24    osalInitTasks
    142          
    143          /*********************************************************************
    144          *********************************************************************/

   Maximum stack usage in bytes:

   ISTACK PSTACK XSTACK Function
   ------ ------ ------ --------
       2      0      0  osalInitTasks
                          2 0 0 -> APSF_Init
                          2 0 0 -> APS_Init
                          2 0 0 -> Hal_Init
                          2 0 0 -> MT_TaskInit
                          2 0 0 -> StubAPS_Init
                          2 0 0 -> ZDApp_Init
                          2 0 0 -> ZDNwkMgr_Init
                          2 0 0 -> macTaskInit
                          2 0 0 -> nwk_init
                          2 0 0 -> osal_mem_alloc
                          2 0 0 -> osal_memset
                          2 0 0 -> zcl_Init
                          2 0 0 -> zllInitiator_Init
                          2 0 0 -> zllSampleBridge_Init


   Segment part sizes:

   Bytes  Function/Label
   -----  --------------
       6  ??osalInitTasks?relay
      95  osalInitTasks
      24  tasksArr
       1  tasksCnt
       2  tasksEvents

 
 95 bytes in segment BANKED_CODE
  6 bytes in segment BANK_RELAYS
 25 bytes in segment XDATA_ROM_C
  2 bytes in segment XDATA_Z
 
 101 bytes of CODE  memory
  25 bytes of CONST memory
   2 bytes of XDATA memory

Errors: none
Warnings: none
